c:\users\gusdn6763\source\repos\gameprogramming_pattern\14. component_pattern\x64\debug\vc142.pdb
c:\users\gusdn6763\source\repos\gameprogramming_pattern\14. component_pattern\x64\debug\vc142.idb
c:\users\gusdn6763\source\repos\gameprogramming_pattern\14. component_pattern\x64\debug\physicscomponent.obj
c:\users\gusdn6763\source\repos\gameprogramming_pattern\14. component_pattern\x64\debug\graphicscomponent.obj
c:\users\gusdn6763\source\repos\gameprogramming_pattern\14. component_pattern\x64\debug\bjornphysicscomponent.obj
c:\users\gusdn6763\source\repos\gameprogramming_pattern\14. component_pattern\x64\debug\bjorngraphicscomponent.obj
c:\users\gusdn6763\source\repos\gameprogramming_pattern\14. component_pattern\x64\debug\playerinputcomponent.obj
c:\users\gusdn6763\source\repos\gameprogramming_pattern\14. component_pattern\x64\debug\main.obj
c:\users\gusdn6763\source\repos\gameprogramming_pattern\14. component_pattern\x64\debug\demoinputcomponent.obj
c:\users\gusdn6763\source\repos\gameprogramming_pattern\14. component_pattern\x64\debug\inputcomponent.obj
c:\users\gusdn6763\source\repos\gameprogramming_pattern\14. component_pattern\x64\debug\gameobject.obj
c:\users\gusdn6763\source\repos\gameprogramming_pattern\x64\debug\14. component_pattern.exe
c:\users\gusdn6763\source\repos\gameprogramming_pattern\14. component_pattern\x64\debug\14. component_pattern.ilk
c:\users\gusdn6763\source\repos\gameprogramming_pattern\x64\debug\14. component_pattern.pdb
c:\users\gusdn6763\source\repos\gameprogramming_pattern\14. component_pattern\x64\debug\14. comp.212ae294.tlog\cl.command.1.tlog
c:\users\gusdn6763\source\repos\gameprogramming_pattern\14. component_pattern\x64\debug\14. comp.212ae294.tlog\cl.read.1.tlog
c:\users\gusdn6763\source\repos\gameprogramming_pattern\14. component_pattern\x64\debug\14. comp.212ae294.tlog\cl.write.1.tlog
c:\users\gusdn6763\source\repos\gameprogramming_pattern\14. component_pattern\x64\debug\14. comp.212ae294.tlog\link.command.1.tlog
c:\users\gusdn6763\source\repos\gameprogramming_pattern\14. component_pattern\x64\debug\14. comp.212ae294.tlog\link.read.1.tlog
c:\users\gusdn6763\source\repos\gameprogramming_pattern\14. component_pattern\x64\debug\14. comp.212ae294.tlog\link.write.1.tlog
