c:\users\gusdn6763\source\repos\gameprogramming_pattern\prototype_pattern\x64\debug\vc142.pdb
c:\users\gusdn6763\source\repos\gameprogramming_pattern\prototype_pattern\x64\debug\vc142.idb
c:\users\gusdn6763\source\repos\gameprogramming_pattern\prototype_pattern\x64\debug\spawner.obj
c:\users\gusdn6763\source\repos\gameprogramming_pattern\prototype_pattern\x64\debug\monster.obj
c:\users\gusdn6763\source\repos\gameprogramming_pattern\prototype_pattern\x64\debug\main.obj
c:\users\gusdn6763\source\repos\gameprogramming_pattern\prototype_pattern\x64\debug\ghost.obj
c:\users\gusdn6763\source\repos\gameprogramming_pattern\x64\debug\05.prototype_pattern.exe
c:\users\gusdn6763\source\repos\gameprogramming_pattern\prototype_pattern\x64\debug\05.prototype_pattern.ilk
c:\users\gusdn6763\source\repos\gameprogramming_pattern\x64\debug\05.prototype_pattern.pdb
c:\users\gusdn6763\source\repos\gameprogramming_pattern\05. prototype_pattern\x64\debug\ghost.obj
c:\users\gusdn6763\source\repos\gameprogramming_pattern\05. prototype_pattern\x64\debug\main.obj
c:\users\gusdn6763\source\repos\gameprogramming_pattern\05. prototype_pattern\x64\debug\monster.obj
c:\users\gusdn6763\source\repos\gameprogramming_pattern\05. prototype_pattern\x64\debug\spawner.obj
c:\users\gusdn6763\source\repos\gameprogramming_pattern\05. prototype_pattern\x64\debug\05.prototype_pattern.ilk
c:\users\gusdn6763\source\repos\gameprogramming_pattern\05. prototype_pattern\x64\debug\5.prototype_pattern.ilk
c:\users\gusdn6763\source\repos\gameprogramming_pattern\05. prototype_pattern\x64\debug\vc142.idb
c:\users\gusdn6763\source\repos\gameprogramming_pattern\05. prototype_pattern\x64\debug\vc142.pdb
c:\users\gusdn6763\source\repos\gameprogramming_pattern\05. prototype_pattern\x64\debug\05.proto.f6cf7369.tlog\cl.command.1.tlog
c:\users\gusdn6763\source\repos\gameprogramming_pattern\05. prototype_pattern\x64\debug\05.proto.f6cf7369.tlog\cl.read.1.tlog
c:\users\gusdn6763\source\repos\gameprogramming_pattern\05. prototype_pattern\x64\debug\05.proto.f6cf7369.tlog\cl.write.1.tlog
c:\users\gusdn6763\source\repos\gameprogramming_pattern\05. prototype_pattern\x64\debug\05.proto.f6cf7369.tlog\link.command.1.tlog
c:\users\gusdn6763\source\repos\gameprogramming_pattern\05. prototype_pattern\x64\debug\05.proto.f6cf7369.tlog\link.read.1.tlog
c:\users\gusdn6763\source\repos\gameprogramming_pattern\05. prototype_pattern\x64\debug\05.proto.f6cf7369.tlog\link.write.1.tlog
